<?xml version="1.0" encoding="UTF-8"?>
<!-- Generated by org.testng.reporters.JUnitXMLReporter -->
<testsuite ignored="0" hostname="DESKTOP-VCP4AV6" failures="0" tests="12" name="Default test" time="8.904" errors="0" timestamp="2022-07-04T09:25:49 IST">
  <testcase classname="com.umrahme.umrah.TestListing" name="SelectDate" time="0.932"/>
  <testcase classname="com.umrahme.umrah.TestListing" name="SelectDestination" time="0.535"/>
  <testcase classname="com.umrahme.umrah.TestListing" name="SelectDestinationerrorfetch" time="0.061"/>
  <testcase classname="com.umrahme.umrah.TestListing" name="SelectNationalityerrorfetch" time="0.065"/>
  <testcase classname="com.umrahme.umrah.TestListing" name="SelectmeccaStay" time="0.462"/>
  <testcase classname="com.umrahme.umrah.TestListing" name="clickOnTravellers" time="1.513"/>
  <testcase classname="com.umrahme.umrah.TestListing" name="meccaerror" time="0.044"/>
  <testcase classname="com.umrahme.umrah.TestListing" name="selectAdult" time="0.629"/>
  <testcase classname="com.umrahme.umrah.TestListing" name="selectChild" time="0.348"/>
  <testcase classname="com.umrahme.umrah.TestListing" name="selectCountryOfResidence" time="0.411"/>
  <testcase classname="com.umrahme.umrah.TestListing" name="selectNationality" time="0.463"/>
  <testcase classname="com.umrahme.umrah.TestListing" name="selectage" time="0.284"/>
</testsuite> <!-- Default test -->
