<?xml version="1.0" encoding="UTF-8"?>
<!-- Generated by org.testng.reporters.JUnitXMLReporter -->
<testsuite ignored="0" hostname="DESKTOP-VCP4AV6" failures="0" tests="12" name="Default test" time="20.429" errors="0" timestamp="2022-07-02T18:07:33 IST">
  <testcase classname="com.umrahme.umrah.TestListing" name="SelectDate" time="2.486"/>
  <testcase classname="com.umrahme.umrah.TestListing" name="SelectDestination" time="0.903"/>
  <testcase classname="com.umrahme.umrah.TestListing" name="SelectDestinationerrorfetch" time="0.079"/>
  <testcase classname="com.umrahme.umrah.TestListing" name="SelectNationalityerrorfetch" time="0.484"/>
  <testcase classname="com.umrahme.umrah.TestListing" name="SelectmeccaStay" time="0.456"/>
  <testcase classname="com.umrahme.umrah.TestListing" name="clickOnTravellers" time="2.249"/>
  <testcase classname="com.umrahme.umrah.TestListing" name="meccaerror" time="0.083"/>
  <testcase classname="com.umrahme.umrah.TestListing" name="selectAdult" time="0.773"/>
  <testcase classname="com.umrahme.umrah.TestListing" name="selectChild" time="0.557"/>
  <testcase classname="com.umrahme.umrah.TestListing" name="selectCountryOfResidence" time="0.81"/>
  <testcase classname="com.umrahme.umrah.TestListing" name="selectNationality" time="0.79"/>
  <testcase classname="com.umrahme.umrah.TestListing" name="selectage" time="0.527"/>
</testsuite> <!-- Default test -->
