<?xml version="1.0" encoding="UTF-8"?>
<testng-results ignored="0" total="12" passed="12" failed="0" skipped="0">
  <reporter-output>
  </reporter-output>
  <suite started-at="2022-07-02T18:07:13 IST" name="Default suite" finished-at="2022-07-02T18:07:33 IST" duration-ms="20429">
    <groups>
    </groups>
    <test started-at="2022-07-02T18:07:13 IST" name="Default test" finished-at="2022-07-02T18:07:33 IST" duration-ms="20429">
      <class name="com.umrahme.umrah.TestListing">
        <test-method is-config="true" signature="driverInitialize()[pri:0, instance:com.umrahme.umrah.TestListing@51e69659]" started-at="2022-07-02T18:06:56 IST" name="driverInitialize" finished-at="2022-07-02T18:07:13 IST" duration-ms="16239" status="PASS">
          <reporter-output>
          </reporter-output>
        </test-method> <!-- driverInitialize -->
        <test-method signature="SelectDate()[pri:0, instance:com.umrahme.umrah.TestListing@51e69659]" started-at="2022-07-02T18:07:13 IST" name="SelectDate" finished-at="2022-07-02T18:07:15 IST" duration-ms="2486" status="PASS">
          <reporter-output>
          </reporter-output>
        </test-method> <!-- SelectDate -->
        <test-method signature="SelectDestination()[pri:0, instance:com.umrahme.umrah.TestListing@51e69659]" started-at="2022-07-02T18:07:15 IST" name="SelectDestination" finished-at="2022-07-02T18:07:16 IST" duration-ms="903" status="PASS">
          <reporter-output>
          </reporter-output>
        </test-method> <!-- SelectDestination -->
        <test-method signature="SelectDestinationerrorfetch()[pri:0, instance:com.umrahme.umrah.TestListing@51e69659]" started-at="2022-07-02T18:07:16 IST" name="SelectDestinationerrorfetch" finished-at="2022-07-02T18:07:16 IST" duration-ms="79" status="PASS">
          <reporter-output>
          </reporter-output>
        </test-method> <!-- SelectDestinationerrorfetch -->
        <test-method signature="SelectNationalityerrorfetch()[pri:0, instance:com.umrahme.umrah.TestListing@51e69659]" started-at="2022-07-02T18:07:16 IST" name="SelectNationalityerrorfetch" finished-at="2022-07-02T18:07:17 IST" duration-ms="484" status="PASS">
          <reporter-output>
          </reporter-output>
        </test-method> <!-- SelectNationalityerrorfetch -->
        <test-method signature="SelectmeccaStay()[pri:0, instance:com.umrahme.umrah.TestListing@51e69659]" started-at="2022-07-02T18:07:17 IST" name="SelectmeccaStay" finished-at="2022-07-02T18:07:17 IST" duration-ms="456" status="PASS">
          <reporter-output>
          </reporter-output>
        </test-method> <!-- SelectmeccaStay -->
        <test-method signature="clickOnTravellers()[pri:0, instance:com.umrahme.umrah.TestListing@51e69659]" started-at="2022-07-02T18:07:17 IST" name="clickOnTravellers" finished-at="2022-07-02T18:07:19 IST" duration-ms="2249" status="PASS">
          <reporter-output>
          </reporter-output>
        </test-method> <!-- clickOnTravellers -->
        <test-method signature="meccaerror()[pri:0, instance:com.umrahme.umrah.TestListing@51e69659]" started-at="2022-07-02T18:07:19 IST" name="meccaerror" finished-at="2022-07-02T18:07:20 IST" duration-ms="83" status="PASS">
          <reporter-output>
          </reporter-output>
        </test-method> <!-- meccaerror -->
        <test-method signature="selectAdult()[pri:0, instance:com.umrahme.umrah.TestListing@51e69659]" started-at="2022-07-02T18:07:20 IST" name="selectAdult" finished-at="2022-07-02T18:07:20 IST" duration-ms="773" status="PASS">
          <reporter-output>
          </reporter-output>
        </test-method> <!-- selectAdult -->
        <test-method signature="selectChild()[pri:0, instance:com.umrahme.umrah.TestListing@51e69659]" started-at="2022-07-02T18:07:20 IST" name="selectChild" finished-at="2022-07-02T18:07:21 IST" duration-ms="557" status="PASS">
          <reporter-output>
          </reporter-output>
        </test-method> <!-- selectChild -->
        <test-method signature="selectCountryOfResidence()[pri:0, instance:com.umrahme.umrah.TestListing@51e69659]" started-at="2022-07-02T18:07:21 IST" name="selectCountryOfResidence" finished-at="2022-07-02T18:07:22 IST" duration-ms="810" status="PASS">
          <reporter-output>
          </reporter-output>
        </test-method> <!-- selectCountryOfResidence -->
        <test-method signature="selectNationality()[pri:0, instance:com.umrahme.umrah.TestListing@51e69659]" started-at="2022-07-02T18:07:22 IST" name="selectNationality" finished-at="2022-07-02T18:07:22 IST" duration-ms="790" status="PASS">
          <reporter-output>
          </reporter-output>
        </test-method> <!-- selectNationality -->
        <test-method signature="selectage()[pri:0, instance:com.umrahme.umrah.TestListing@51e69659]" started-at="2022-07-02T18:07:22 IST" name="selectage" finished-at="2022-07-02T18:07:23 IST" duration-ms="527" status="PASS">
          <reporter-output>
          </reporter-output>
        </test-method> <!-- selectage -->
        <test-method is-config="true" signature="clickOnSearch()[pri:0, instance:com.umrahme.umrah.TestListing@51e69659]" started-at="2022-07-02T18:07:23 IST" name="clickOnSearch" finished-at="2022-07-02T18:07:33 IST" duration-ms="10070" status="PASS">
          <reporter-output>
          </reporter-output>
        </test-method> <!-- clickOnSearch -->
        <test-method is-config="true" signature="afterSuite()[pri:0, instance:com.umrahme.umrah.TestListing@51e69659]" started-at="2022-07-02T18:07:33 IST" name="afterSuite" finished-at="2022-07-02T18:07:34 IST" duration-ms="695" status="PASS">
          <reporter-output>
          </reporter-output>
        </test-method> <!-- afterSuite -->
      </class> <!-- com.umrahme.umrah.TestListing -->
    </test> <!-- Default test -->
  </suite> <!-- Default suite -->
</testng-results>
